Build started 9/3/2013 7:02:11 PM.
     1>Project "C:\Users\kavya\Documents\Visual Studio 2012\Projects\linked_list_prob\linked_list_prob\linked_list_prob.vcxproj" on node 2 (Build target(s)).
     1>ClCompile:
         C:\Program Files (x86)\Microsoft Visual Studio 11.0\VC\bin\CL.exe /c /ZI /nologo /W3 /WX- /sdl- /Od /Oy- /D WIN32 /D _DEBUG /D _CONSOLE /D _UNICODE /D UNICODE /Gm /EHsc /RTC1 /MDd /GS /fp:precise /Zc:wchar_t /Zc:forScope /Yu"stdafx.h" /Fp"Debug\linked_list_prob.pch" /Fo"Debug\\" /Fd"Debug\vc110.pdb" /Gd /TP /analyze- /errorReport:prompt linked_list_prob.cpp
         linked_list_prob.cpp
     1>c:\users\kavya\documents\visual studio 2012\projects\linked_list_prob\linked_list_prob\linked_list_prob.cpp(35): warning C4101: 'temp' : unreferenced local variable
     1>c:\users\kavya\documents\visual studio 2012\projects\linked_list_prob\linked_list_prob\linked_list_prob.cpp(104): warning C4996: 'scanf': This function or variable may be unsafe. Consider using scanf_s instead. To disable deprecation, use _CRT_SECURE_NO_WARNINGS. See online help for details.
                 c:\program files (x86)\microsoft visual studio 11.0\vc\include\stdio.h(290) : see declaration of 'scanf'
     1>c:\users\kavya\documents\visual studio 2012\projects\linked_list_prob\linked_list_prob\linked_list_prob.cpp(109): warning C4996: 'scanf': This function or variable may be unsafe. Consider using scanf_s instead. To disable deprecation, use _CRT_SECURE_NO_WARNINGS. See online help for details.
                 c:\program files (x86)\microsoft visual studio 11.0\vc\include\stdio.h(290) : see declaration of 'scanf'
     1>c:\users\kavya\documents\visual studio 2012\projects\linked_list_prob\linked_list_prob\linked_list_prob.cpp(114): warning C4996: 'scanf': This function or variable may be unsafe. Consider using scanf_s instead. To disable deprecation, use _CRT_SECURE_NO_WARNINGS. See online help for details.
                 c:\program files (x86)\microsoft visual studio 11.0\vc\include\stdio.h(290) : see declaration of 'scanf'
     1>c:\users\kavya\documents\visual studio 2012\projects\linked_list_prob\linked_list_prob\linked_list_prob.cpp(101): warning C4101: 'number1' : unreferenced local variable
       Link:
         C:\Program Files (x86)\Microsoft Visual Studio 11.0\VC\bin\link.exe /ERRORREPORT:PROMPT /OUT:"C:\Users\kavya\Documents\Visual Studio 2012\Projects\linked_list_prob\Debug\linked_list_prob.exe" /INCREMENTAL /NOLOGO kernel32.lib user32.lib gdi32.lib winspool.lib comdlg32.lib advapi32.lib shell32.lib ole32.lib oleaut32.lib uuid.lib odbc32.lib odbccp32.lib /MANIFEST /MANIFESTUAC:"level='asInvoker' uiAccess='false'" /manifest:embed /DEBUG /PDB:"C:\Users\kavya\Documents\Visual Studio 2012\Projects\linked_list_prob\Debug\linked_list_prob.pdb" /SUBSYSTEM:CONSOLE /TLBID:1 /DYNAMICBASE /NXCOMPAT /IMPLIB:"C:\Users\kavya\Documents\Visual Studio 2012\Projects\linked_list_prob\Debug\linked_list_prob.lib" /MACHINE:X86 Debug\linked_list_prob.obj
         Debug\stdafx.obj
         linked_list_prob.vcxproj -> C:\Users\kavya\Documents\Visual Studio 2012\Projects\linked_list_prob\Debug\linked_list_prob.exe
     1>Done Building Project "C:\Users\kavya\Documents\Visual Studio 2012\Projects\linked_list_prob\linked_list_prob\linked_list_prob.vcxproj" (Build target(s)).

Build succeeded.

Time Elapsed 00:00:01.09
