Build started 10/29/2013 11:01:33 PM.
     1>Project "c:\Users\kavya\documents\visual studio 2012\Projects\CTCI_1.5_runlength_encoding\CTCI_1.5_runlength_encoding\CTCI_1.5_runlength_encoding.vcxproj" on node 2 (Build target(s)).
     1>ClCompile:
         C:\Program Files (x86)\Microsoft Visual Studio 11.0\VC\bin\CL.exe /c /ZI /nologo /W3 /WX- /sdl- /Od /Oy- /D WIN32 /D _DEBUG /D _CONSOLE /D _UNICODE /D UNICODE /Gm /EHsc /RTC1 /MDd /GS /fp:precise /Zc:wchar_t /Zc:forScope /Yu"stdafx.h" /Fp"Debug\CTCI_1.5_runlength_encoding.pch" /Fo"Debug\\" /Fd"Debug\vc110.pdb" /Gd /TP /analyze- /errorReport:prompt CTCI_1.5_runlength_encoding.cpp
         CTCI_1.5_runlength_encoding.cpp
     1>c:\users\kavya\documents\visual studio 2012\projects\ctci_1.5_runlength_encoding\ctci_1.5_runlength_encoding\ctci_1.5_runlength_encoding.cpp(27): warning C4996: 'itoa': The POSIX name for this item is deprecated. Instead, use the ISO C++ conformant name: _itoa. See online help for details.
                 c:\program files (x86)\microsoft visual studio 11.0\vc\include\stdlib.h(909) : see declaration of 'itoa'
     1>c:\users\kavya\documents\visual studio 2012\projects\ctci_1.5_runlength_encoding\ctci_1.5_runlength_encoding\ctci_1.5_runlength_encoding.cpp(31): warning C4996: 'itoa': The POSIX name for this item is deprecated. Instead, use the ISO C++ conformant name: _itoa. See online help for details.
                 c:\program files (x86)\microsoft visual studio 11.0\vc\include\stdlib.h(909) : see declaration of 'itoa'
     1>c:\users\kavya\documents\visual studio 2012\projects\ctci_1.5_runlength_encoding\ctci_1.5_runlength_encoding\ctci_1.5_runlength_encoding.cpp(40): warning C4996: 'itoa': The POSIX name for this item is deprecated. Instead, use the ISO C++ conformant name: _itoa. See online help for details.
                 c:\program files (x86)\microsoft visual studio 11.0\vc\include\stdlib.h(909) : see declaration of 'itoa'
     1>c:\users\kavya\documents\visual studio 2012\projects\ctci_1.5_runlength_encoding\ctci_1.5_runlength_encoding\ctci_1.5_runlength_encoding.cpp(75): warning C4996: 'scanf': This function or variable may be unsafe. Consider using scanf_s instead. To disable deprecation, use _CRT_SECURE_NO_WARNINGS. See online help for details.
                 c:\program files (x86)\microsoft visual studio 11.0\vc\include\stdio.h(290) : see declaration of 'scanf'
     1>c:\users\kavya\documents\visual studio 2012\projects\ctci_1.5_runlength_encoding\ctci_1.5_runlength_encoding\ctci_1.5_runlength_encoding.cpp(78): warning C4996: 'scanf': This function or variable may be unsafe. Consider using scanf_s instead. To disable deprecation, use _CRT_SECURE_NO_WARNINGS. See online help for details.
                 c:\program files (x86)\microsoft visual studio 11.0\vc\include\stdio.h(290) : see declaration of 'scanf'
       Link:
         C:\Program Files (x86)\Microsoft Visual Studio 11.0\VC\bin\link.exe /ERRORREPORT:PROMPT /OUT:"c:\users\kavya\documents\visual studio 2012\Projects\CTCI_1.5_runlength_encoding\Debug\CTCI_1.5_runlength_encoding.exe" /INCREMENTAL /NOLOGO kernel32.lib user32.lib gdi32.lib winspool.lib comdlg32.lib advapi32.lib shell32.lib ole32.lib oleaut32.lib uuid.lib odbc32.lib odbccp32.lib /MANIFEST /MANIFESTUAC:"level='asInvoker' uiAccess='false'" /manifest:embed /DEBUG /PDB:"c:\users\kavya\documents\visual studio 2012\Projects\CTCI_1.5_runlength_encoding\Debug\CTCI_1.5_runlength_encoding.pdb" /SUBSYSTEM:CONSOLE /TLBID:1 /DYNAMICBASE /NXCOMPAT /IMPLIB:"c:\users\kavya\documents\visual studio 2012\Projects\CTCI_1.5_runlength_encoding\Debug\CTCI_1.5_runlength_encoding.lib" /MACHINE:X86 Debug\CTCI_1.5_runlength_encoding.obj
         Debug\stdafx.obj
         CTCI_1.5_runlength_encoding.vcxproj -> c:\users\kavya\documents\visual studio 2012\Projects\CTCI_1.5_runlength_encoding\Debug\CTCI_1.5_runlength_encoding.exe
     1>Done Building Project "c:\Users\kavya\documents\visual studio 2012\Projects\CTCI_1.5_runlength_encoding\CTCI_1.5_runlength_encoding\CTCI_1.5_runlength_encoding.vcxproj" (Build target(s)).

Build succeeded.

Time Elapsed 00:00:00.85
