Build started 7/13/2013 2:27:10 PM.
     1>Project "C:\Users\kavya\documents\visual studio 2012\Projects\string_replace\string_replace\string_replace.vcxproj" on node 2 (Build target(s)).
     1>ClCompile:
         C:\Program Files (x86)\Microsoft Visual Studio 11.0\VC\bin\CL.exe /c /ZI /nologo /W3 /WX- /sdl- /Od /Oy- /D WIN32 /D _DEBUG /D _CONSOLE /D _UNICODE /D UNICODE /Gm /EHsc /RTC1 /MDd /GS /fp:precise /Zc:wchar_t /Zc:forScope /Yu"stdafx.h" /Fp"Debug\string_replace.pch" /Fo"Debug\\" /Fd"Debug\vc110.pdb" /Gd /TP /analyze- /errorReport:prompt string_replace.cpp
         string_replace.cpp
     1>c:\users\kavya\documents\visual studio 2012\projects\string_replace\string_replace\string_replace.cpp(55): warning C4996: 'scanf': This function or variable may be unsafe. Consider using scanf_s instead. To disable deprecation, use _CRT_SECURE_NO_WARNINGS. See online help for details.
                 c:\program files (x86)\microsoft visual studio 11.0\vc\include\stdio.h(290) : see declaration of 'scanf'
     1>c:\users\kavya\documents\visual studio 2012\projects\string_replace\string_replace\string_replace.cpp(57): warning C4996: 'scanf': This function or variable may be unsafe. Consider using scanf_s instead. To disable deprecation, use _CRT_SECURE_NO_WARNINGS. See online help for details.
                 c:\program files (x86)\microsoft visual studio 11.0\vc\include\stdio.h(290) : see declaration of 'scanf'
     1>c:\users\kavya\documents\visual studio 2012\projects\string_replace\string_replace\string_replace.cpp(64): warning C4996: 'scanf': This function or variable may be unsafe. Consider using scanf_s instead. To disable deprecation, use _CRT_SECURE_NO_WARNINGS. See online help for details.
                 c:\program files (x86)\microsoft visual studio 11.0\vc\include\stdio.h(290) : see declaration of 'scanf'
     1>c:\users\kavya\documents\visual studio 2012\projects\string_replace\string_replace\string_replace.cpp(67): warning C4996: 'scanf': This function or variable may be unsafe. Consider using scanf_s instead. To disable deprecation, use _CRT_SECURE_NO_WARNINGS. See online help for details.
                 c:\program files (x86)\microsoft visual studio 11.0\vc\include\stdio.h(290) : see declaration of 'scanf'
     1>c:\users\kavya\documents\visual studio 2012\projects\string_replace\string_replace\string_replace.cpp(70): warning C4996: 'scanf': This function or variable may be unsafe. Consider using scanf_s instead. To disable deprecation, use _CRT_SECURE_NO_WARNINGS. See online help for details.
                 c:\program files (x86)\microsoft visual studio 11.0\vc\include\stdio.h(290) : see declaration of 'scanf'
       Link:
         C:\Program Files (x86)\Microsoft Visual Studio 11.0\VC\bin\link.exe /ERRORREPORT:PROMPT /OUT:"C:\Users\kavya\documents\visual studio 2012\Projects\string_replace\Debug\string_replace.exe" /INCREMENTAL /NOLOGO kernel32.lib user32.lib gdi32.lib winspool.lib comdlg32.lib advapi32.lib shell32.lib ole32.lib oleaut32.lib uuid.lib odbc32.lib odbccp32.lib /MANIFEST /MANIFESTUAC:"level='asInvoker' uiAccess='false'" /manifest:embed /DEBUG /PDB:"C:\Users\kavya\documents\visual studio 2012\Projects\string_replace\Debug\string_replace.pdb" /SUBSYSTEM:CONSOLE /TLBID:1 /DYNAMICBASE /NXCOMPAT /IMPLIB:"C:\Users\kavya\documents\visual studio 2012\Projects\string_replace\Debug\string_replace.lib" /MACHINE:X86 Debug\stdafx.obj
         Debug\string_replace.obj
         string_replace.vcxproj -> C:\Users\kavya\documents\visual studio 2012\Projects\string_replace\Debug\string_replace.exe
     1>Done Building Project "C:\Users\kavya\documents\visual studio 2012\Projects\string_replace\string_replace\string_replace.vcxproj" (Build target(s)).

Build succeeded.

Time Elapsed 00:00:00.42
