C:\USERS\KAVYA\DOCUMENTS\VISUAL STUDIO 2012\PROJECTS\FACTORIAL_Q1\FACTORIAL_Q1\DEBUG\FACTORIAL_Q1.PCH
C:\USERS\KAVYA\DOCUMENTS\VISUAL STUDIO 2012\PROJECTS\FACTORIAL_Q1\FACTORIAL_Q1\DEBUG\STDAFX.OBJ
C:\USERS\KAVYA\DOCUMENTS\VISUAL STUDIO 2012\PROJECTS\FACTORIAL_Q1\FACTORIAL_Q1\DEBUG\VC110.PDB
C:\USERS\KAVYA\DOCUMENTS\VISUAL STUDIO 2012\PROJECTS\FACTORIAL_Q1\FACTORIAL_Q1\DEBUG\FACTORIAL_Q1.OBJ
C:\USERS\KAVYA\DOCUMENTS\VISUAL STUDIO 2012\PROJECTS\FACTORIAL_Q1\DEBUG\FACTORIAL_Q1.ILK
C:\USERS\KAVYA\DOCUMENTS\VISUAL STUDIO 2012\PROJECTS\FACTORIAL_Q1\DEBUG\FACTORIAL_Q1.EXE
C:\USERS\KAVYA\DOCUMENTS\VISUAL STUDIO 2012\PROJECTS\FACTORIAL_Q1\DEBUG\FACTORIAL_Q1.PDB
c:\Users\kavya\documents\visual studio 2012\Projects\Factorial_q1\Factorial_q1\Debug\Factorial_q1.obj
c:\Users\kavya\documents\visual studio 2012\Projects\Factorial_q1\Factorial_q1\Debug\stdafx.obj
c:\Users\kavya\documents\visual studio 2012\Projects\Factorial_q1\Factorial_q1\Debug\cl.command.1.tlog
c:\Users\kavya\documents\visual studio 2012\Projects\Factorial_q1\Factorial_q1\Debug\CL.read.1.tlog
c:\Users\kavya\documents\visual studio 2012\Projects\Factorial_q1\Factorial_q1\Debug\CL.write.1.tlog
c:\Users\kavya\documents\visual studio 2012\Projects\Factorial_q1\Factorial_q1\Debug\link-cvtres.read.1.tlog
c:\Users\kavya\documents\visual studio 2012\Projects\Factorial_q1\Factorial_q1\Debug\link-cvtres.write.1.tlog
c:\Users\kavya\documents\visual studio 2012\Projects\Factorial_q1\Factorial_q1\Debug\link-rc.read.1.tlog
c:\Users\kavya\documents\visual studio 2012\Projects\Factorial_q1\Factorial_q1\Debug\link-rc.write.1.tlog
c:\Users\kavya\documents\visual studio 2012\Projects\Factorial_q1\Factorial_q1\Debug\link.command.1.tlog
c:\Users\kavya\documents\visual studio 2012\Projects\Factorial_q1\Factorial_q1\Debug\link.read.1.tlog
c:\Users\kavya\documents\visual studio 2012\Projects\Factorial_q1\Factorial_q1\Debug\link.write.1.tlog
c:\Users\kavya\documents\visual studio 2012\Projects\Factorial_q1\Factorial_q1\Debug\Factorial_q1.pch
c:\Users\kavya\documents\visual studio 2012\Projects\Factorial_q1\Factorial_q1\Debug\vc110.idb
c:\Users\kavya\documents\visual studio 2012\Projects\Factorial_q1\Factorial_q1\Debug\vc110.pdb
c:\users\kavya\documents\visual studio 2012\Projects\Factorial_q1\Debug\Factorial_q1.pdb
c:\users\kavya\documents\visual studio 2012\Projects\Factorial_q1\Debug\Factorial_q1.exe
c:\users\kavya\documents\visual studio 2012\Projects\Factorial_q1\Debug\Factorial_q1.ilk
