Build started 7/26/2013 4:44:57 PM.
     1>Project "C:\Users\kavya\Documents\Visual Studio 2012\Projects\tree_inorder\tree_inorder\tree_inorder.vcxproj" on node 2 (Build target(s)).
     1>ClCompile:
         C:\Program Files (x86)\Microsoft Visual Studio 11.0\VC\bin\CL.exe /c /ZI /nologo /W3 /WX- /sdl- /Od /Oy- /D WIN32 /D _DEBUG /D _CONSOLE /D _UNICODE /D UNICODE /Gm /EHsc /RTC1 /MDd /GS /fp:precise /Zc:wchar_t /Zc:forScope /Yu"stdafx.h" /Fp"Debug\tree_inorder.pch" /Fo"Debug\\" /Fd"Debug\vc110.pdb" /Gd /TP /analyze- /errorReport:prompt tree_inorder.cpp
         tree_inorder.cpp
     1>c:\users\kavya\documents\visual studio 2012\projects\tree_inorder\tree_inorder\tree_inorder.cpp(96): warning C4996: 'sprintf': This function or variable may be unsafe. Consider using sprintf_s instead. To disable deprecation, use _CRT_SECURE_NO_WARNINGS. See online help for details.
                 c:\program files (x86)\microsoft visual studio 11.0\vc\include\stdio.h(357) : see declaration of 'sprintf'
     1>c:\users\kavya\documents\visual studio 2012\projects\tree_inorder\tree_inorder\tree_inorder.cpp(153): warning C4996: 'fopen': This function or variable may be unsafe. Consider using fopen_s instead. To disable deprecation, use _CRT_SECURE_NO_WARNINGS. See online help for details.
                 c:\program files (x86)\microsoft visual studio 11.0\vc\include\stdio.h(218) : see declaration of 'fopen'
     1>c:\users\kavya\documents\visual studio 2012\projects\tree_inorder\tree_inorder\tree_inorder.cpp(158): warning C4996: 'scanf': This function or variable may be unsafe. Consider using scanf_s instead. To disable deprecation, use _CRT_SECURE_NO_WARNINGS. See online help for details.
                 c:\program files (x86)\microsoft visual studio 11.0\vc\include\stdio.h(290) : see declaration of 'scanf'
     1>c:\users\kavya\documents\visual studio 2012\projects\tree_inorder\tree_inorder\tree_inorder.cpp(171): warning C4996: 'sprintf': This function or variable may be unsafe. Consider using sprintf_s instead. To disable deprecation, use _CRT_SECURE_NO_WARNINGS. See online help for details.
                 c:\program files (x86)\microsoft visual studio 11.0\vc\include\stdio.h(357) : see declaration of 'sprintf'
     1>c:\users\kavya\documents\visual studio 2012\projects\tree_inorder\tree_inorder\tree_inorder.cpp(72): warning C4715: 'insert' : not all control paths return a value
       Link:
         C:\Program Files (x86)\Microsoft Visual Studio 11.0\VC\bin\link.exe /ERRORREPORT:PROMPT /OUT:"C:\Users\kavya\Documents\Visual Studio 2012\Projects\tree_inorder\Debug\tree_inorder.exe" /INCREMENTAL /NOLOGO kernel32.lib user32.lib gdi32.lib winspool.lib comdlg32.lib advapi32.lib shell32.lib ole32.lib oleaut32.lib uuid.lib odbc32.lib odbccp32.lib /MANIFEST /MANIFESTUAC:"level='asInvoker' uiAccess='false'" /manifest:embed /DEBUG /PDB:"C:\Users\kavya\Documents\Visual Studio 2012\Projects\tree_inorder\Debug\tree_inorder.pdb" /SUBSYSTEM:CONSOLE /TLBID:1 /DYNAMICBASE /NXCOMPAT /IMPLIB:"C:\Users\kavya\Documents\Visual Studio 2012\Projects\tree_inorder\Debug\tree_inorder.lib" /MACHINE:X86 Debug\stdafx.obj
         Debug\tree_inorder.obj
         tree_inorder.vcxproj -> C:\Users\kavya\Documents\Visual Studio 2012\Projects\tree_inorder\Debug\tree_inorder.exe
     1>Done Building Project "C:\Users\kavya\Documents\Visual Studio 2012\Projects\tree_inorder\tree_inorder\tree_inorder.vcxproj" (Build target(s)).

Build succeeded.

Time Elapsed 00:00:01.89
