Build started 10/24/2013 1:14:26 AM.
     1>Project "C:\Users\kavya\documents\visual studio 2012\Projects\rapidbiz_project2\rapidbiz_project2\rapidbiz_project2.vcxproj" on node 2 (Build target(s)).
     1>ClCompile:
         C:\Program Files (x86)\Microsoft Visual Studio 11.0\VC\bin\CL.exe /c /ZI /nologo /W3 /WX- /sdl- /Od /Oy- /D WIN32 /D _DEBUG /D _CONSOLE /D _UNICODE /D UNICODE /Gm /EHsc /RTC1 /MDd /GS /fp:precise /Zc:wchar_t /Zc:forScope /Yu"stdafx.h" /Fp"Debug\rapidbiz_project2.pch" /Fo"Debug\\" /Fd"Debug\vc110.pdb" /Gd /TP /analyze- /errorReport:prompt rapidbiz_project2.cpp
         rapidbiz_project2.cpp
     1>c:\users\kavya\documents\visual studio 2012\projects\rapidbiz_project2\rapidbiz_project2\rapidbiz_project2.cpp(87): warning C4996: 'getch': The POSIX name for this item is deprecated. Instead, use the ISO C++ conformant name: _getch. See online help for details.
                 c:\program files (x86)\microsoft visual studio 11.0\vc\include\conio.h(131) : see declaration of 'getch'
     1>c:\users\kavya\documents\visual studio 2012\projects\rapidbiz_project2\rapidbiz_project2\rapidbiz_project2.cpp(94): warning C4996: 'scanf': This function or variable may be unsafe. Consider using scanf_s instead. To disable deprecation, use _CRT_SECURE_NO_WARNINGS. See online help for details.
                 c:\program files (x86)\microsoft visual studio 11.0\vc\include\stdio.h(290) : see declaration of 'scanf'
     1>c:\users\kavya\documents\visual studio 2012\projects\rapidbiz_project2\rapidbiz_project2\rapidbiz_project2.cpp(96): warning C4996: 'scanf': This function or variable may be unsafe. Consider using scanf_s instead. To disable deprecation, use _CRT_SECURE_NO_WARNINGS. See online help for details.
                 c:\program files (x86)\microsoft visual studio 11.0\vc\include\stdio.h(290) : see declaration of 'scanf'
     1>c:\users\kavya\documents\visual studio 2012\projects\rapidbiz_project2\rapidbiz_project2\rapidbiz_project2.cpp(112): warning C4101: 'column' : unreferenced local variable
     1>c:\users\kavya\documents\visual studio 2012\projects\rapidbiz_project2\rapidbiz_project2\rapidbiz_project2.cpp(112): warning C4101: 'row' : unreferenced local variable
     1>c:\users\kavya\documents\visual studio 2012\projects\rapidbiz_project2\rapidbiz_project2\rapidbiz_project2.cpp(132): warning C4996: 'scanf': This function or variable may be unsafe. Consider using scanf_s instead. To disable deprecation, use _CRT_SECURE_NO_WARNINGS. See online help for details.
                 c:\program files (x86)\microsoft visual studio 11.0\vc\include\stdio.h(290) : see declaration of 'scanf'
       Link:
         C:\Program Files (x86)\Microsoft Visual Studio 11.0\VC\bin\link.exe /ERRORREPORT:PROMPT /OUT:"C:\Users\kavya\documents\visual studio 2012\Projects\rapidbiz_project2\Debug\rapidbiz_project2.exe" /INCREMENTAL /NOLOGO kernel32.lib user32.lib gdi32.lib winspool.lib comdlg32.lib advapi32.lib shell32.lib ole32.lib oleaut32.lib uuid.lib odbc32.lib odbccp32.lib /MANIFEST /MANIFESTUAC:"level='asInvoker' uiAccess='false'" /manifest:embed /DEBUG /PDB:"C:\Users\kavya\documents\visual studio 2012\Projects\rapidbiz_project2\Debug\rapidbiz_project2.pdb" /SUBSYSTEM:CONSOLE /TLBID:1 /DYNAMICBASE /NXCOMPAT /IMPLIB:"C:\Users\kavya\documents\visual studio 2012\Projects\rapidbiz_project2\Debug\rapidbiz_project2.lib" /MACHINE:X86 Debug\rapidbiz_project2.obj
         Debug\stdafx.obj
         rapidbiz_project2.vcxproj -> C:\Users\kavya\documents\visual studio 2012\Projects\rapidbiz_project2\Debug\rapidbiz_project2.exe
     1>Done Building Project "C:\Users\kavya\documents\visual studio 2012\Projects\rapidbiz_project2\rapidbiz_project2\rapidbiz_project2.vcxproj" (Build target(s)).

Build succeeded.

Time Elapsed 00:00:04.62
